<?xml version="1.0" encoding="UTF-8"?>
<!-- Generated by org.testng.reporters.JUnitReportReporter -->
<testsuite skipped="0" hostname="ASUS-PC" name="com.google.test.googleProduct_verificationTEST" tests="4" failures="0" timestamp="2020-01-27T23:15:28 IST" time="39.319" errors="0">
  <testcase name="first_product" time="9.766" classname="com.google.test.googleProduct_verificationTEST"/>
  <testcase name="secound_product" time="8.892" classname="com.google.test.googleProduct_verificationTEST"/>
  <testcase name="thired_product" time="9.482" classname="com.google.test.googleProduct_verificationTEST"/>
  <testcase name="fourth_product" time="11.179" classname="com.google.test.googleProduct_verificationTEST"/>
</testsuite> <!-- com.google.test.googleProduct_verificationTEST -->
