<?xml version="1.0" encoding="UTF-8"?>
<!-- Generated by org.testng.reporters.JUnitReportReporter -->
<testsuite skipped="0" hostname="ASUS-PC" name="com.google.test.Google_CountUnreadMailTEST" tests="1" failures="0" timestamp="2020-01-27T23:15:28 IST" time="24.073" errors="0">
  <testcase name="testCountMail" time="24.073" classname="com.google.test.Google_CountUnreadMailTEST"/>
</testsuite> <!-- com.google.test.Google_CountUnreadMailTEST -->
