<?xml version="1.0" encoding="UTF-8"?>
<!-- Generated by org.testng.reporters.JUnitReportReporter -->
<testsuite skipped="0" hostname="ASUS-PC" name="com.google.test.google_mailcomposeVerificationTEST" tests="1" failures="0" timestamp="2020-01-27T23:15:28 IST" time="26.553" errors="0">
  <testcase name="gmail_body_Verification" time="26.553" classname="com.google.test.google_mailcomposeVerificationTEST"/>
</testsuite> <!-- com.google.test.google_mailcomposeVerificationTEST -->
