<?xml version="1.0" encoding="UTF-8"?>
<!-- Generated by org.testng.reporters.JUnitReportReporter -->
<testsuite skipped="0" hostname="ASUS-PC" name="com.google.test.google_pageTitle_verificationTEST" tests="9" failures="0" timestamp="2020-01-27T23:15:28 IST" time="104.471" errors="0">
  <testcase name="titleVerificationTEST_seven" time="9.332" classname="com.google.test.google_pageTitle_verificationTEST"/>
  <testcase name="titleVerificationTEST_two" time="9.569" classname="com.google.test.google_pageTitle_verificationTEST"/>
  <testcase name="titleVerificationTEST_three" time="10.153" classname="com.google.test.google_pageTitle_verificationTEST"/>
  <testcase name="titleVerificationTEST_four" time="15.727" classname="com.google.test.google_pageTitle_verificationTEST"/>
  <testcase name="titleVerificationTEST_five" time="11.860" classname="com.google.test.google_pageTitle_verificationTEST"/>
  <testcase name="titleVerificationTEST_six" time="15.982" classname="com.google.test.google_pageTitle_verificationTEST"/>
  <testcase name="titleVerificationTEST_one" time="10.480" classname="com.google.test.google_pageTitle_verificationTEST"/>
  <testcase name="titleVerificationTEST_eight" time="10.198" classname="com.google.test.google_pageTitle_verificationTEST"/>
  <testcase name="titleVerificationTEST_nine" time="11.170" classname="com.google.test.google_pageTitle_verificationTEST"/>
</testsuite> <!-- com.google.test.google_pageTitle_verificationTEST -->
