<?xml version="1.0" encoding="UTF-8"?>
<!-- Generated by org.testng.reporters.JUnitReportReporter -->
<testsuite skipped="0" hostname="ASUS-PC" name="com.google.test.testcase_one" tests="4" failures="0" timestamp="2020-01-27T23:15:28 IST" time="26.736" errors="0">
  <testcase name="Verification_ofPart_four" time="6.640" classname="com.google.test.testcase_one"/>
  <testcase name="Verification_ofPart_three" time="6.305" classname="com.google.test.testcase_one"/>
  <testcase name="Verification_ofPart_two" time="6.191" classname="com.google.test.testcase_one"/>
  <testcase name="Verification_ofPart_one" time="7.600" classname="com.google.test.testcase_one"/>
</testsuite> <!-- com.google.test.testcase_one -->
