<?xml version="1.0" encoding="UTF-8"?>
<!-- Generated by org.testng.reporters.JUnitReportReporter -->
<testsuite skipped="0" hostname="ASUS-PC" name="com.google.test.google_outputVerificationTEST" tests="1" failures="0" timestamp="2020-01-27T23:15:28 IST" time="9.967" errors="0">
  <testcase name="firstinput_verifytest" time="9.967" classname="com.google.test.google_outputVerificationTEST"/>
</testsuite> <!-- com.google.test.google_outputVerificationTEST -->
