<?xml version="1.0" encoding="UTF-8"?>
<!-- Generated by org.testng.reporters.JUnitReportReporter -->
<testsuite skipped="0" hostname="ASUS-PC" name="com.google.test.GoogleLaungage_appearTEST" tests="2" failures="0" timestamp="2020-01-27T23:15:28 IST" time="16.421" errors="0">
  <testcase name="LaungVerifcation_one" time="8.074" classname="com.google.test.GoogleLaungage_appearTEST"/>
  <testcase name="LaungVerifcation_two" time="8.347" classname="com.google.test.GoogleLaungage_appearTEST"/>
</testsuite> <!-- com.google.test.GoogleLaungage_appearTEST -->
