<?xml version="1.0" encoding="UTF-8"?>
<!-- Generated by org.testng.reporters.JUnitReportReporter -->
<testsuite skipped="0" hostname="ASUS-PC" name="com.google.test.google_pageSiginOperationsTEST" tests="7" failures="0" timestamp="2020-01-27T23:15:28 IST" time="168.937" errors="0">
  <testcase name="SigninAccount" time="18.973" classname="com.google.test.google_pageSiginOperationsTEST"/>
  <testcase name="SigninSearch" time="21.633" classname="com.google.test.google_pageSiginOperationsTEST"/>
  <testcase name="SigninMap" time="28.270" classname="com.google.test.google_pageSiginOperationsTEST"/>
  <testcase name="SigninYoutube" time="24.677" classname="com.google.test.google_pageSiginOperationsTEST"/>
  <testcase name="SigninPlay" time="21.467" classname="com.google.test.google_pageSiginOperationsTEST"/>
  <testcase name="SigninNews" time="29.717" classname="com.google.test.google_pageSiginOperationsTEST"/>
  <testcase name="SigninPhoto" time="24.200" classname="com.google.test.google_pageSiginOperationsTEST"/>
</testsuite> <!-- com.google.test.google_pageSiginOperationsTEST -->
