<?xml version="1.0" encoding="UTF-8"?>
<!-- Generated by org.testng.reporters.JUnitReportReporter -->
<testsuite skipped="0" hostname="ASUS-PC" name="com.google.test.Google_SentCheckMailTEST" tests="1" failures="0" timestamp="2020-01-27T23:15:28 IST" time="28.219" errors="0">
  <testcase name="testSendMailVerify" time="28.219" classname="com.google.test.Google_SentCheckMailTEST"/>
</testsuite> <!-- com.google.test.Google_SentCheckMailTEST -->
