<?xml version="1.0" encoding="UTF-8"?>
<!-- Generated by org.testng.reporters.JUnitReportReporter -->
<testsuite skipped="0" hostname="ASUS-PC" name="com.google.test.google_gmailVerificationTEST" tests="1" failures="0" timestamp="2020-01-27T23:15:28 IST" time="19.748" errors="0">
  <testcase name="gmail_oneVerification" time="19.748" classname="com.google.test.google_gmailVerificationTEST"/>
</testsuite> <!-- com.google.test.google_gmailVerificationTEST -->
