<?xml version="1.0" encoding="UTF-8"?>
<!-- Generated by org.testng.reporters.JUnitReportReporter -->
<testsuite skipped="0" hostname="ASUS-PC" name="com.google.test.google_dialogeApp_verificationTEST" tests="12" failures="0" timestamp="2020-01-27T23:15:28 IST" time="88.204" errors="0">
  <testcase name="test_seven" time="7.079" classname="com.google.test.google_dialogeApp_verificationTEST"/>
  <testcase name="test_twele" time="7.617" classname="com.google.test.google_dialogeApp_verificationTEST"/>
  <testcase name="test_six" time="7.661" classname="com.google.test.google_dialogeApp_verificationTEST"/>
  <testcase name="test_two" time="8.810" classname="com.google.test.google_dialogeApp_verificationTEST"/>
  <testcase name="test_ten" time="6.939" classname="com.google.test.google_dialogeApp_verificationTEST"/>
  <testcase name="test_three" time="6.723" classname="com.google.test.google_dialogeApp_verificationTEST"/>
  <testcase name="test_one" time="6.991" classname="com.google.test.google_dialogeApp_verificationTEST"/>
  <testcase name="test_eleven" time="7.846" classname="com.google.test.google_dialogeApp_verificationTEST"/>
  <testcase name="test_nine" time="7.057" classname="com.google.test.google_dialogeApp_verificationTEST"/>
  <testcase name="test_four" time="7.752" classname="com.google.test.google_dialogeApp_verificationTEST"/>
  <testcase name="test_eight" time="6.923" classname="com.google.test.google_dialogeApp_verificationTEST"/>
  <testcase name="test_five" time="6.806" classname="com.google.test.google_dialogeApp_verificationTEST"/>
</testsuite> <!-- com.google.test.google_dialogeApp_verificationTEST -->
